0 info it worked if it ends with ok
1 verbose cli [ '/Users/briangallagher/.nvm/versions/node/v6.9.3/bin/node',
1 verbose cli   '/Users/briangallagher/.nvm/versions/node/v6.9.3/bin/npm',
1 verbose cli   'start' ]
2 info using npm@3.10.10
3 info using node@v6.9.3
4 verbose run-script [ 'prestart', 'start', 'poststart' ]
5 info lifecycle helloworld-cloud@0.2.0~prestart: helloworld-cloud@0.2.0
6 silly lifecycle helloworld-cloud@0.2.0~prestart: no script for prestart, continuing
7 info lifecycle helloworld-cloud@0.2.0~start: helloworld-cloud@0.2.0
8 verbose lifecycle helloworld-cloud@0.2.0~start: unsafe-perm in lifecycle true
9 verbose lifecycle helloworld-cloud@0.2.0~start: PATH: /Users/briangallagher/.nvm/versions/node/v6.9.3/lib/node_modules/npm/bin/node-gyp-bin:/Users/briangallagher/dev/cloudCourse/Research-Project/project-code/resultsAggregator/node_modules/.bin:/Users/briangallagher/.nvm/versions/node/v6.9.3/bin:/Users/briangallagher/dev/google-cloud-sdk/bin:/opt/local/bin:/opt/local/sbin:/Users/briangallagher/.rvm/gems/ruby-2.4.0/bin:/Users/briangallagher/.rvm/gems/ruby-2.4.0@global/bin:/Users/briangallagher/.rvm/rubies/ruby-2.4.0/bin:/usr/local/bin:/usr/bin:/bin:/usr/sbin:/sbin:/opt/X11/bin:/Library/Python/2.7:/Users/briangallagher/.rvm/bin$::usr/local/sbin:/usr/local/apache-ant/bin:/Users/briangallagher/Library/Android/sdk/platform-tools:/Users/briangallagher/Library/Android/sdk/tools:/Users/briangallagher/dev/redis-2.6.12/src:/Users/briangallagher/dev/database/mysql-5.6.12/bin:/Users/briangallagher/dev/nginx/1.2.8/sbin:/Users/briangallagher/dev/utils/Markdown.pl:/Library/Python/2.7:/usr/local/bin/go:/Users/briangallager/gowork2/bin:/Users/briangallagher/.rvm/bin
10 verbose lifecycle helloworld-cloud@0.2.0~start: CWD: /Users/briangallagher/dev/cloudCourse/Research-Project/project-code/resultsAggregator
11 silly lifecycle helloworld-cloud@0.2.0~start: Args: [ '-c', 'node application.js' ]
12 silly lifecycle helloworld-cloud@0.2.0~start: Returned: code: 1  signal: null
13 info lifecycle helloworld-cloud@0.2.0~start: Failed to exec start script
14 verbose stack Error: helloworld-cloud@0.2.0 start: `node application.js`
14 verbose stack Exit status 1
14 verbose stack     at EventEmitter.<anonymous> (/Users/briangallagher/.nvm/versions/node/v6.9.3/lib/node_modules/npm/lib/utils/lifecycle.js:255:16)
14 verbose stack     at emitTwo (events.js:106:13)
14 verbose stack     at EventEmitter.emit (events.js:191:7)
14 verbose stack     at ChildProcess.<anonymous> (/Users/briangallagher/.nvm/versions/node/v6.9.3/lib/node_modules/npm/lib/utils/spawn.js:40:14)
14 verbose stack     at emitTwo (events.js:106:13)
14 verbose stack     at ChildProcess.emit (events.js:191:7)
14 verbose stack     at maybeClose (internal/child_process.js:877:16)
14 verbose stack     at Process.ChildProcess._handle.onexit (internal/child_process.js:226:5)
15 verbose pkgid helloworld-cloud@0.2.0
16 verbose cwd /Users/briangallagher/dev/cloudCourse/Research-Project/project-code/resultsAggregator
17 error Darwin 16.4.0
18 error argv "/Users/briangallagher/.nvm/versions/node/v6.9.3/bin/node" "/Users/briangallagher/.nvm/versions/node/v6.9.3/bin/npm" "start"
19 error node v6.9.3
20 error npm  v3.10.10
21 error code ELIFECYCLE
22 error helloworld-cloud@0.2.0 start: `node application.js`
22 error Exit status 1
23 error Failed at the helloworld-cloud@0.2.0 start script 'node application.js'.
23 error Make sure you have the latest version of node.js and npm installed.
23 error If you do, this is most likely a problem with the helloworld-cloud package,
23 error not with npm itself.
23 error Tell the author that this fails on your system:
23 error     node application.js
23 error You can get information on how to open an issue for this project with:
23 error     npm bugs helloworld-cloud
23 error Or if that isn't available, you can get their info via:
23 error     npm owner ls helloworld-cloud
23 error There is likely additional logging output above.
24 verbose exit [ 1, true ]
